This is pdfTeX, Version 3.1415926-2.5-1.40.14 (TeX Live 2013/Debian) (format=pdflatex 2017.3.27)  20 JUN 2018 15:54
entering extended mode
 restricted \write18 enabled.
 %&-line parsing enabled.
**sbc-template.tex
(./sbc-template.tex
LaTeX2e <2011/06/27>
Babel <3.9h> and hyphenation patterns for 3 languages loaded.
(/usr/share/texlive/texmf-dist/tex/latex/base/article.cls
Document Class: article 2007/10/19 v1.4h Standard LaTeX document class
(/usr/share/texlive/texmf-dist/tex/latex/base/size10.clo
File: size10.clo 2007/10/19 v1.4h Standard LaTeX file (size option)
)
\c@part=\count79
\c@section=\count80
\c@subsection=\count81
\c@subsubsection=\count82
\c@paragraph=\count83
\c@subparagraph=\count84
\c@figure=\count85
\c@table=\count86
\abovecaptionskip=\skip41
\belowcaptionskip=\skip42
\bibindent=\dimen102
)
(/usr/share/texlive/texmf-dist/tex/latex/float/float.sty
Package: float 2001/11/08 v1.3d Float enhancements (AL)
\c@float@type=\count87
\float@exts=\toks14
\float@box=\box26
\@float@everytoks=\toks15
\@floatcapt=\box27
) (./sbc-template.sty
Package: sbc-template 2001/06/09

(/usr/share/texlive/texmf-dist/tex/latex/geometry/geometry.sty
Package: geometry 2010/09/12 v5.6 Page Geometry

(/usr/share/texlive/texmf-dist/tex/latex/graphics/keyval.sty
Package: keyval 1999/03/16 v1.13 key=value parser (DPC)
\KV@toks@=\toks16
)
(/usr/share/texlive/texmf-dist/tex/generic/oberdiek/ifpdf.sty
Package: ifpdf 2011/01/30 v2.3 Provides the ifpdf switch (HO)
Package ifpdf Info: pdfTeX in PDF mode is detected.
)
(/usr/share/texlive/texmf-dist/tex/generic/oberdiek/ifvtex.sty
Package: ifvtex 2010/03/01 v1.5 Detect VTeX and its facilities (HO)
Package ifvtex Info: VTeX not detected.
)
(/usr/share/texlive/texmf-dist/tex/generic/ifxetex/ifxetex.sty
Package: ifxetex 2010/09/12 v0.6 Provides ifxetex conditional
)
\Gm@cnth=\count88
\Gm@cntv=\count89
\c@Gm@tempcnt=\count90
\Gm@bindingoffset=\dimen103
\Gm@wd@mp=\dimen104
\Gm@odd@mp=\dimen105
\Gm@even@mp=\dimen106
\Gm@layoutwidth=\dimen107
\Gm@layoutheight=\dimen108
\Gm@layouthoffset=\dimen109
\Gm@layoutvoffset=\dimen110
\Gm@dimlist=\toks17
)
(./caption2.sty
Package: caption2 2002/08/03 v2.1 Customising captions (AS)
\captionmargin=\dimen111
\captionwidth=\dimen112
\captionindent=\dimen113
Package caption2 Info: Running in caption2 v2.0 compatibility mode on input lin
e 147.
\captionlinewidth=\dimen114


Package caption2 Warning: The `float' package will be supported without explici
t option (v2.0 compatibility issue) on input line 257.

Package caption2 Info: float package v1.2 (or newer) detected on input line 293
.
) (/usr/share/texlive/texmf-dist/tex/latex/psnfss/times.sty
Package: times 2005/04/12 PSNFSS-v9.2a (SPQR) 
)
\c@instn=\count91

(/usr/share/texlive/texmf-dist/tex/latex/titlesec/titlesec.sty
Package: titlesec 2011/12/15 v2.10.0 Sectioning titles
\ttl@box=\box28
\beforetitleunit=\skip43
\aftertitleunit=\skip44
\ttl@plus=\dimen115
\ttl@minus=\dimen116
\ttl@toksa=\toks18
\titlewidth=\dimen117
\titlewidthlast=\dimen118
\titlewidthfirst=\dimen119
))
(/usr/share/texlive/texmf-dist/tex/latex/graphics/graphicx.sty
Package: graphicx 1999/02/16 v1.0f Enhanced LaTeX Graphics (DPC,SPQR)

(/usr/share/texlive/texmf-dist/tex/latex/graphics/graphics.sty
Package: graphics 2009/02/05 v1.0o Standard LaTeX Graphics (DPC,SPQR)

(/usr/share/texlive/texmf-dist/tex/latex/graphics/trig.sty
Package: trig 1999/03/16 v1.09 sin cos tan (DPC)
)
(/usr/share/texlive/texmf-dist/tex/latex/latexconfig/graphics.cfg
File: graphics.cfg 2010/04/23 v1.9 graphics configuration of TeX Live
)
Package graphics Info: Driver file: pdftex.def on input line 91.

(/usr/share/texlive/texmf-dist/tex/latex/pdftex-def/pdftex.def
File: pdftex.def 2011/05/27 v0.06d Graphics/color for pdfTeX

(/usr/share/texlive/texmf-dist/tex/generic/oberdiek/infwarerr.sty
Package: infwarerr 2010/04/08 v1.3 Providing info/warning/error messages (HO)
)
(/usr/share/texlive/texmf-dist/tex/generic/oberdiek/ltxcmds.sty
Package: ltxcmds 2011/11/09 v1.22 LaTeX kernel commands for general use (HO)
)
\Gread@gobject=\count92
))
\Gin@req@height=\dimen120
\Gin@req@width=\dimen121
)
(/usr/share/texlive/texmf-dist/tex/latex/url/url.sty
\Urlmuskip=\muskip10
Package: url 2013/09/16  ver 3.4  Verb mode for urls, etc.
)
(/usr/share/texlive/texmf-dist/tex/latex/base/inputenc.sty
Package: inputenc 2008/03/30 v1.1d Input encoding file
\inpenc@prehook=\toks19
\inpenc@posthook=\toks20

(/usr/share/texlive/texmf-dist/tex/latex/base/latin1.def
File: latin1.def 2008/03/30 v1.1d Input encoding file
))
(/usr/share/texlive/texmf-dist/tex/latex/tools/indentfirst.sty
Package: indentfirst 1995/11/23 v1.03 Indent first paragraph (DPC)
)
(/usr/share/texlive/texmf-dist/tex/generic/babel/babel.sty
Package: babel 2013/12/03 3.9h The Babel package

(/usr/share/texlive/texmf-dist/tex/generic/babel-english/english.ldf
Language: english 2012/08/20 v3.3p English support from the babel system

(/usr/share/texlive/texmf-dist/tex/generic/babel/babel.def
File: babel.def 2013/12/03 3.9h Babel common definitions
\babel@savecnt=\count93
\U@D=\dimen122
)
\l@british = a dialect from \language\l@english 
\l@UKenglish = a dialect from \language\l@english 
\l@canadian = a dialect from \language\l@american 
\l@australian = a dialect from \language\l@british 
\l@newzealand = a dialect from \language\l@british 
)
(/usr/share/texlive/texmf-dist/tex/generic/babel-portuges/portuges.ldf
Language: portuges 2008/03/18 v1.2q Portuguese support from the babel system
\l@brazil = a dialect from \language\l@portuges 
Package babel Info: Making " an active character on input line 145.
))
(/usr/share/texlive/texmf-dist/tex/latex/tools/tabularx.sty
Package: tabularx 1999/01/07 v2.07 `tabularx' package (DPC)

(/usr/share/texlive/texmf-dist/tex/latex/tools/array.sty
Package: array 2008/09/09 v2.4c Tabular extension package (FMi)
\col@sep=\dimen123
\extrarowheight=\dimen124
\NC@list=\toks21
\extratabsurround=\skip45
\backup@length=\skip46
)
\TX@col@width=\dimen125
\TX@old@table=\dimen126
\TX@old@col=\dimen127
\TX@target=\dimen128
\TX@delta=\dimen129
\TX@cols=\count94
\TX@ftn=\toks22
)
(/usr/share/texlive/texmf-dist/tex/latex/tools/hhline.sty
Package: hhline 1994/05/23 v2.03 Table rule package (DPC)
)
(/usr/share/texmf/tex/latex/xcolor/xcolor.sty
Package: xcolor 2007/01/21 v2.11 LaTeX color extensions (UK)

(/usr/share/texlive/texmf-dist/tex/latex/latexconfig/color.cfg
File: color.cfg 2007/01/18 v1.5 color configuration of teTeX/TeXLive
)
Package xcolor Info: Driver file: pdftex.def on input line 225.
Package xcolor Info: Model `cmy' substituted by `cmy0' on input line 1337.
Package xcolor Info: Model `hsb' substituted by `rgb' on input line 1341.
Package xcolor Info: Model `RGB' extended on input line 1353.
Package xcolor Info: Model `HTML' substituted by `rgb' on input line 1355.
Package xcolor Info: Model `Hsb' substituted by `hsb' on input line 1356.
Package xcolor Info: Model `tHsb' substituted by `hsb' on input line 1357.
Package xcolor Info: Model `HSB' substituted by `hsb' on input line 1358.
Package xcolor Info: Model `Gray' substituted by `gray' on input line 1359.
Package xcolor Info: Model `wave' substituted by `hsb' on input line 1360.
)
(/usr/share/texlive/texmf-dist/tex/latex/nomencl/nomencl.sty
Package: nomencl 2005/09/22 v4.2 Nomenclature package (LN)
\nomlabelwidth=\dimen130
\nom@tempdim=\dimen131
\nomitemsep=\skip47
)
(/usr/share/texlive/texmf-dist/tex/latex/tools/longtable.sty
Package: longtable 2004/02/01 v4.11 Multi-page Table package (DPC)
\LTleft=\skip48
\LTright=\skip49
\LTpre=\skip50
\LTpost=\skip51
\LTchunksize=\count95
\LTcapwidth=\dimen132
\LT@head=\box29
\LT@firsthead=\box30
\LT@foot=\box31
\LT@lastfoot=\box32
\LT@cols=\count96
\LT@rows=\count97
\c@LT@tables=\count98
\c@LT@chunks=\count99
\LT@p@ftn=\toks23
)
(/usr/share/texmf/tex/latex/pgf/frontendlayer/tikz.sty
(/usr/share/texmf/tex/latex/pgf/basiclayer/pgf.sty
(/usr/share/texmf/tex/latex/pgf/utilities/pgfrcs.sty
(/usr/share/texmf/tex/generic/pgf/utilities/pgfutil-common.tex
\pgfutil@everybye=\toks24
)
(/usr/share/texmf/tex/generic/pgf/utilities/pgfutil-latex.def
\pgfutil@abb=\box33

(/usr/share/texlive/texmf-dist/tex/latex/ms/everyshi.sty
Package: everyshi 2001/05/15 v3.00 EveryShipout Package (MS)
))
(/usr/share/texmf/tex/generic/pgf/utilities/pgfrcs.code.tex
Package: pgfrcs 2010/10/25 v2.10 (rcs-revision 1.24)
))
Package: pgf 2008/01/15 v2.10 (rcs-revision 1.12)

(/usr/share/texmf/tex/latex/pgf/basiclayer/pgfcore.sty
(/usr/share/texmf/tex/latex/pgf/systemlayer/pgfsys.sty
(/usr/share/texmf/tex/generic/pgf/systemlayer/pgfsys.code.tex
Package: pgfsys 2010/06/30 v2.10 (rcs-revision 1.37)

(/usr/share/texmf/tex/generic/pgf/utilities/pgfkeys.code.tex
\pgfkeys@pathtoks=\toks25
\pgfkeys@temptoks=\toks26

(/usr/share/texmf/tex/generic/pgf/utilities/pgfkeysfiltered.code.tex
\pgfkeys@tmptoks=\toks27
))
\pgf@x=\dimen133
\pgf@y=\dimen134
\pgf@xa=\dimen135
\pgf@ya=\dimen136
\pgf@xb=\dimen137
\pgf@yb=\dimen138
\pgf@xc=\dimen139
\pgf@yc=\dimen140
\w@pgf@writea=\write3
\r@pgf@reada=\read1
\c@pgf@counta=\count100
\c@pgf@countb=\count101
\c@pgf@countc=\count102
\c@pgf@countd=\count103

(/usr/share/texmf/tex/generic/pgf/systemlayer/pgf.cfg
File: pgf.cfg 2008/05/14  (rcs-revision 1.7)
)
Package pgfsys Info: Driver file for pgf: pgfsys-pdftex.def on input line 900.

(/usr/share/texmf/tex/generic/pgf/systemlayer/pgfsys-pdftex.def
File: pgfsys-pdftex.def 2009/05/22  (rcs-revision 1.26)

(/usr/share/texmf/tex/generic/pgf/systemlayer/pgfsys-common-pdf.def
File: pgfsys-common-pdf.def 2008/05/19  (rcs-revision 1.10)
)))
(/usr/share/texmf/tex/generic/pgf/systemlayer/pgfsyssoftpath.code.tex
File: pgfsyssoftpath.code.tex 2008/07/18  (rcs-revision 1.7)
\pgfsyssoftpath@smallbuffer@items=\count104
\pgfsyssoftpath@bigbuffer@items=\count105
)
(/usr/share/texmf/tex/generic/pgf/systemlayer/pgfsysprotocol.code.tex
File: pgfsysprotocol.code.tex 2006/10/16  (rcs-revision 1.4)
))
(/usr/share/texmf/tex/generic/pgf/basiclayer/pgfcore.code.tex
Package: pgfcore 2010/04/11 v2.10 (rcs-revision 1.7)

(/usr/share/texmf/tex/generic/pgf/math/pgfmath.code.tex
(/usr/share/texmf/tex/generic/pgf/math/pgfmathcalc.code.tex
(/usr/share/texmf/tex/generic/pgf/math/pgfmathutil.code.tex)
(/usr/share/texmf/tex/generic/pgf/math/pgfmathparser.code.tex
\pgfmath@dimen=\dimen141
\pgfmath@count=\count106
\pgfmath@box=\box34
\pgfmath@toks=\toks28
\pgfmath@stack@operand=\toks29
\pgfmath@stack@operation=\toks30
)
(/usr/share/texmf/tex/generic/pgf/math/pgfmathfunctions.code.tex
(/usr/share/texmf/tex/generic/pgf/math/pgfmathfunctions.basic.code.tex)
(/usr/share/texmf/tex/generic/pgf/math/pgfmathfunctions.trigonometric.code.tex)
(/usr/share/texmf/tex/generic/pgf/math/pgfmathfunctions.random.code.tex)
(/usr/share/texmf/tex/generic/pgf/math/pgfmathfunctions.comparison.code.tex)
(/usr/share/texmf/tex/generic/pgf/math/pgfmathfunctions.base.code.tex)
(/usr/share/texmf/tex/generic/pgf/math/pgfmathfunctions.round.code.tex)
(/usr/share/texmf/tex/generic/pgf/math/pgfmathfunctions.misc.code.tex)))
(/usr/share/texmf/tex/generic/pgf/math/pgfmathfloat.code.tex
\c@pgfmathroundto@lastzeros=\count107
))
(/usr/share/texmf/tex/generic/pgf/basiclayer/pgfcorepoints.code.tex
File: pgfcorepoints.code.tex 2010/04/09  (rcs-revision 1.20)
\pgf@picminx=\dimen142
\pgf@picmaxx=\dimen143
\pgf@picminy=\dimen144
\pgf@picmaxy=\dimen145
\pgf@pathminx=\dimen146
\pgf@pathmaxx=\dimen147
\pgf@pathminy=\dimen148
\pgf@pathmaxy=\dimen149
\pgf@xx=\dimen150
\pgf@xy=\dimen151
\pgf@yx=\dimen152
\pgf@yy=\dimen153
\pgf@zx=\dimen154
\pgf@zy=\dimen155
)
(/usr/share/texmf/tex/generic/pgf/basiclayer/pgfcorepathconstruct.code.tex
File: pgfcorepathconstruct.code.tex 2010/08/03  (rcs-revision 1.24)
\pgf@path@lastx=\dimen156
\pgf@path@lasty=\dimen157
)
(/usr/share/texmf/tex/generic/pgf/basiclayer/pgfcorepathusage.code.tex
File: pgfcorepathusage.code.tex 2008/04/22  (rcs-revision 1.12)
\pgf@shorten@end@additional=\dimen158
\pgf@shorten@start@additional=\dimen159
)
(/usr/share/texmf/tex/generic/pgf/basiclayer/pgfcorescopes.code.tex
File: pgfcorescopes.code.tex 2010/09/08  (rcs-revision 1.34)
\pgfpic=\box35
\pgf@hbox=\box36
\pgf@layerbox@main=\box37
\pgf@picture@serial@count=\count108
)
(/usr/share/texmf/tex/generic/pgf/basiclayer/pgfcoregraphicstate.code.tex
File: pgfcoregraphicstate.code.tex 2008/04/22  (rcs-revision 1.9)
\pgflinewidth=\dimen160
)
(/usr/share/texmf/tex/generic/pgf/basiclayer/pgfcoretransformations.code.tex
File: pgfcoretransformations.code.tex 2009/06/10  (rcs-revision 1.11)
\pgf@pt@x=\dimen161
\pgf@pt@y=\dimen162
\pgf@pt@temp=\dimen163
)
(/usr/share/texmf/tex/generic/pgf/basiclayer/pgfcorequick.code.tex
File: pgfcorequick.code.tex 2008/10/09  (rcs-revision 1.3)
)
(/usr/share/texmf/tex/generic/pgf/basiclayer/pgfcoreobjects.code.tex
File: pgfcoreobjects.code.tex 2006/10/11  (rcs-revision 1.2)
)
(/usr/share/texmf/tex/generic/pgf/basiclayer/pgfcorepathprocessing.code.tex
File: pgfcorepathprocessing.code.tex 2008/10/09  (rcs-revision 1.8)
)
(/usr/share/texmf/tex/generic/pgf/basiclayer/pgfcorearrows.code.tex
File: pgfcorearrows.code.tex 2008/04/23  (rcs-revision 1.11)
)
(/usr/share/texmf/tex/generic/pgf/basiclayer/pgfcoreshade.code.tex
File: pgfcoreshade.code.tex 2008/11/23  (rcs-revision 1.13)
\pgf@max=\dimen164
\pgf@sys@shading@range@num=\count109
)
(/usr/share/texmf/tex/generic/pgf/basiclayer/pgfcoreimage.code.tex
File: pgfcoreimage.code.tex 2010/03/25  (rcs-revision 1.16)

(/usr/share/texmf/tex/generic/pgf/basiclayer/pgfcoreexternal.code.tex
File: pgfcoreexternal.code.tex 2010/09/01  (rcs-revision 1.17)
\pgfexternal@startupbox=\box38
))
(/usr/share/texmf/tex/generic/pgf/basiclayer/pgfcorelayers.code.tex
File: pgfcorelayers.code.tex 2010/08/27  (rcs-revision 1.2)
)
(/usr/share/texmf/tex/generic/pgf/basiclayer/pgfcoretransparency.code.tex
File: pgfcoretransparency.code.tex 2008/01/17  (rcs-revision 1.2)
)
(/usr/share/texmf/tex/generic/pgf/basiclayer/pgfcorepatterns.code.tex
File: pgfcorepatterns.code.tex 2009/07/02  (rcs-revision 1.3)
)))
(/usr/share/texmf/tex/generic/pgf/modules/pgfmoduleshapes.code.tex
File: pgfmoduleshapes.code.tex 2010/09/09  (rcs-revision 1.13)
\pgfnodeparttextbox=\box39
)
(/usr/share/texmf/tex/generic/pgf/modules/pgfmoduleplot.code.tex
File: pgfmoduleplot.code.tex 2010/10/22  (rcs-revision 1.8)
)
(/usr/share/texmf/tex/latex/pgf/compatibility/pgfcomp-version-0-65.sty
Package: pgfcomp-version-0-65 2007/07/03 v2.10 (rcs-revision 1.7)
\pgf@nodesepstart=\dimen165
\pgf@nodesepend=\dimen166
)
(/usr/share/texmf/tex/latex/pgf/compatibility/pgfcomp-version-1-18.sty
Package: pgfcomp-version-1-18 2007/07/23 v2.10 (rcs-revision 1.1)
))
(/usr/share/texmf/tex/latex/pgf/utilities/pgffor.sty
(/usr/share/texmf/tex/latex/pgf/utilities/pgfkeys.sty
(/usr/share/texmf/tex/generic/pgf/utilities/pgfkeys.code.tex))
(/usr/share/texmf/tex/generic/pgf/utilities/pgffor.code.tex
Package: pgffor 2010/03/23 v2.10 (rcs-revision 1.18)
\pgffor@iter=\dimen167
\pgffor@skip=\dimen168
\pgffor@stack=\toks31
\pgffor@toks=\toks32
))
(/usr/share/texmf/tex/generic/pgf/frontendlayer/tikz/tikz.code.tex
Package: tikz 2010/10/13 v2.10 (rcs-revision 1.76)

(/usr/share/texmf/tex/generic/pgf/libraries/pgflibraryplothandlers.code.tex
File: pgflibraryplothandlers.code.tex 2010/05/31 v2.10 (rcs-revision 1.15)
\pgf@plot@mark@count=\count110
\pgfplotmarksize=\dimen169
)
\tikz@lastx=\dimen170
\tikz@lasty=\dimen171
\tikz@lastxsaved=\dimen172
\tikz@lastysaved=\dimen173
\tikzleveldistance=\dimen174
\tikzsiblingdistance=\dimen175
\tikz@figbox=\box40
\tikz@tempbox=\box41
\tikztreelevel=\count111
\tikznumberofchildren=\count112
\tikznumberofcurrentchild=\count113
\tikz@fig@count=\count114

(/usr/share/texmf/tex/generic/pgf/modules/pgfmodulematrix.code.tex
File: pgfmodulematrix.code.tex 2010/08/24  (rcs-revision 1.4)
\pgfmatrixcurrentrow=\count115
\pgfmatrixcurrentcolumn=\count116
\pgf@matrix@numberofcolumns=\count117
)
\tikz@expandcount=\count118

(/usr/share/texmf/tex/generic/pgf/frontendlayer/tikz/libraries/tikzlibrarytopat
hs.code.tex
File: tikzlibrarytopaths.code.tex 2008/06/17 v2.10 (rcs-revision 1.2)
))) (/usr/share/texlive/texmf-dist/tex/latex/etoolbox/etoolbox.sty
Package: etoolbox 2011/01/03 v2.1 e-TeX tools for LaTeX

(/usr/share/texlive/texmf-dist/tex/latex/etex-pkg/etex.sty
Package: etex 1998/03/26 v2.0 eTeX basic definition package (PEB)
\et@xins=\count119
)
\etb@tempcnta=\count120
)
(/usr/share/texlive/texmf-dist/tex/latex/listings/listings.sty
\lst@mode=\count121
\lst@gtempboxa=\box42
\lst@token=\toks33
\lst@length=\count122
\lst@currlwidth=\dimen176
\lst@column=\count123
\lst@pos=\count124
\lst@lostspace=\dimen177
\lst@width=\dimen178
\lst@newlines=\count125
\lst@lineno=\count126
\lst@maxwidth=\dimen179

(/usr/share/texlive/texmf-dist/tex/latex/listings/lstmisc.sty
File: lstmisc.sty 2013/08/26 1.5b (Carsten Heinz)
\c@lstnumber=\count127
\lst@skipnumbers=\count128
\lst@framebox=\box43
)
(/usr/share/texlive/texmf-dist/tex/latex/listings/listings.cfg
File: listings.cfg 2013/08/26 1.5b listings configuration
))
Package: listings 2013/08/26 1.5b (Carsten Heinz)

(/usr/share/texlive/texmf-dist/tex/latex/cleveref/cleveref.sty
Package: cleveref 2013/12/28 v0.19 Intelligent cross-referencing
Package cleveref Info: `listings' support loaded on input line 2950.
)
(/usr/share/texlive/texmf-dist/tex/latex/subfigure/subfigure.sty
Package: subfigure 2002/03/15 v2.1.5 subfigure package
\subfigtopskip=\skip52
\subfigcapskip=\skip53
\subfigcaptopadj=\dimen180
\subfigbottomskip=\skip54
\subfigcapmargin=\dimen181
\subfiglabelskip=\skip55
\c@subfigure=\count129
\c@lofdepth=\count130
\c@subtable=\count131
\c@lotdepth=\count132

****************************************
* Local config file subfigure.cfg used *
****************************************
(/usr/share/texlive/texmf-dist/tex/latex/subfigure/subfigure.cfg)
\subfig@top=\skip56
\subfig@bottom=\skip57
)

LaTeX Warning: Unused global option(s):
    [12p,utf8,onesidet].

(./sbc-template.aux)
\openout1 = `sbc-template.aux'.

LaTeX Font Info:    Checking defaults for OML/cmm/m/it on input line 39.
LaTeX Font Info:    ... okay on input line 39.
LaTeX Font Info:    Checking defaults for T1/cmr/m/n on input line 39.
LaTeX Font Info:    ... okay on input line 39.
LaTeX Font Info:    Checking defaults for OT1/cmr/m/n on input line 39.
LaTeX Font Info:    ... okay on input line 39.
LaTeX Font Info:    Checking defaults for OMS/cmsy/m/n on input line 39.
LaTeX Font Info:    ... okay on input line 39.
LaTeX Font Info:    Checking defaults for OMX/cmex/m/n on input line 39.
LaTeX Font Info:    ... okay on input line 39.
LaTeX Font Info:    Checking defaults for U/cmr/m/n on input line 39.
LaTeX Font Info:    ... okay on input line 39.
LaTeX Font Info:    Try loading font information for OT1+ptm on input line 39.
 (/usr/share/texlive/texmf-dist/tex/latex/psnfss/ot1ptm.fd
File: ot1ptm.fd 2001/06/04 font definitions for OT1/ptm.
)
*geometry* driver: auto-detecting
*geometry* detected driver: pdftex
*geometry* verbose mode - [ preamble ] result:
* driver: pdftex
* paper: a4paper
* layout: <same size as paper>
* layoutoffset:(h,v)=(0.0pt,0.0pt)
* modes: 
* h-part:(L,W,R)=(85.35826pt, 426.79135pt, 85.35826pt)
* v-part:(T,H,B)=(99.58464pt, 674.33032pt, 71.13188pt)
* \paperwidth=597.50787pt
* \paperheight=845.04684pt
* \textwidth=426.79135pt
* \textheight=674.33032pt
* \oddsidemargin=13.08827pt
* \evensidemargin=13.08827pt
* \topmargin=-9.68535pt
* \headheight=12.0pt
* \headsep=25.0pt
* \topskip=10.0pt
* \footskip=30.0pt
* \marginparwidth=57.0pt
* \marginparsep=11.0pt
* \columnsep=10.0pt
* \skip\footins=9.0pt plus 4.0pt minus 2.0pt
* \hoffset=0.0pt
* \voffset=0.0pt
* \mag=1000
* \@twocolumnfalse
* \@twosidefalse
* \@mparswitchfalse
* \@reversemarginfalse
* (1in=72.27pt=25.4mm, 1cm=28.453pt)

(/usr/share/texlive/texmf-dist/tex/context/base/supp-pdf.mkii
[Loading MPS to PDF converter (version 2006.09.02).]
\scratchcounter=\count133
\scratchdimen=\dimen182
\scratchbox=\box44
\nofMPsegments=\count134
\nofMParguments=\count135
\everyMPshowfont=\toks34
\MPscratchCnt=\count136
\MPscratchDim=\dimen183
\MPnumerator=\count137
\makeMPintoPDFobject=\count138
\everyMPtoPDFconversion=\toks35
) (/usr/share/texlive/texmf-dist/tex/generic/oberdiek/pdftexcmds.sty
Package: pdftexcmds 2011/11/29 v0.20 Utility functions of pdfTeX for LuaTeX (HO
)

(/usr/share/texlive/texmf-dist/tex/generic/oberdiek/ifluatex.sty
Package: ifluatex 2010/03/01 v1.3 Provides the ifluatex switch (HO)
Package ifluatex Info: LuaTeX not detected.
)
Package pdftexcmds Info: LuaTeX not detected.
Package pdftexcmds Info: \pdf@primitive is available.
Package pdftexcmds Info: \pdf@ifprimitive is available.
Package pdftexcmds Info: \pdfdraftmode found.
)
(/usr/share/texlive/texmf-dist/tex/latex/oberdiek/epstopdf-base.sty
Package: epstopdf-base 2010/02/09 v2.5 Base part for package epstopdf

(/usr/share/texlive/texmf-dist/tex/latex/oberdiek/grfext.sty
Package: grfext 2010/08/19 v1.1 Manage graphics extensions (HO)

(/usr/share/texlive/texmf-dist/tex/generic/oberdiek/kvdefinekeys.sty
Package: kvdefinekeys 2011/04/07 v1.3 Define keys (HO)
))
(/usr/share/texlive/texmf-dist/tex/latex/oberdiek/kvoptions.sty
Package: kvoptions 2011/06/30 v3.11 Key value format for package options (HO)

(/usr/share/texlive/texmf-dist/tex/generic/oberdiek/kvsetkeys.sty
Package: kvsetkeys 2012/04/25 v1.16 Key value parser (HO)

(/usr/share/texlive/texmf-dist/tex/generic/oberdiek/etexcmds.sty
Package: etexcmds 2011/02/16 v1.5 Avoid name clashes with e-TeX commands (HO)
Package etexcmds Info: Could not find \expanded.
(etexcmds)             That can mean that you are not using pdfTeX 1.50 or
(etexcmds)             that some package has redefined \expanded.
(etexcmds)             In the latter case, load this package earlier.
)))
Package grfext Info: Graphics extension search list:
(grfext)             [.png,.pdf,.jpg,.mps,.jpeg,.jbig2,.jb2,.PNG,.PDF,.JPG,.JPE
G,.JBIG2,.JB2,.eps]
(grfext)             \AppendGraphicsExtensions on input line 452.

(/usr/share/texlive/texmf-dist/tex/latex/latexconfig/epstopdf-sys.cfg
File: epstopdf-sys.cfg 2010/07/13 v1.3 Configuration of (r)epstopdf for TeX Liv
e
))
ABD: EveryShipout initializing macros
\c@lstlisting=\count139
LaTeX Font Info:    Font shape `OT1/ptm/bx/n' in size <16> not available
(Font)              Font shape `OT1/ptm/b/n' tried instead on input line 41.
LaTeX Font Info:    Font shape `OT1/ptm/bx/n' in size <12> not available
(Font)              Font shape `OT1/ptm/b/n' tried instead on input line 41.
LaTeX Font Info:    External font `cmex10' loaded for size
(Font)              <12> on input line 41.
LaTeX Font Info:    External font `cmex10' loaded for size
(Font)              <8> on input line 41.
LaTeX Font Info:    External font `cmex10' loaded for size
(Font)              <6> on input line 41.
LaTeX Font Info:    Try loading font information for OT1+pcr on input line 41.

(/usr/share/texlive/texmf-dist/tex/latex/psnfss/ot1pcr.fd
File: ot1pcr.fd 2001/06/04 font definitions for OT1/pcr.
)
LaTeX Font Info:    Try loading font information for OMS+pcr on input line 41.

(/usr/share/texlive/texmf-dist/tex/latex/psnfss/omspcr.fd
File: omspcr.fd 
)
LaTeX Font Info:    Font shape `OMS/pcr/m/n' in size <8> not available
(Font)              Font shape `OMS/cmsy/m/n' tried instead on input line 41.
LaTeX Font Info:    Font shape `OT1/ptm/bx/it' in size <12> not available
(Font)              Font shape `OT1/ptm/b/it' tried instead on input line 43.
LaTeX Font Info:    Font shape `OT1/ptm/bx/n' in size <13> not available
(Font)              Font shape `OT1/ptm/b/n' tried instead on input line 54.
LaTeX Font Info:    Try loading font information for OT1+phv on input line 65.

(/usr/share/texlive/texmf-dist/tex/latex/psnfss/ot1phv.fd
File: ot1phv.fd 2001/06/04 scalable font definitions for OT1/phv.
)
LaTeX Font Info:    Font shape `OT1/phv/bx/n' in size <8> not available
(Font)              Font shape `OT1/phv/b/n' tried instead on input line 65.
LaTeX Font Info:    Try loading font information for OMS+ptm on input line 71.

(/usr/share/texlive/texmf-dist/tex/latex/psnfss/omsptm.fd
File: omsptm.fd 
)
LaTeX Font Info:    Font shape `OMS/ptm/m/n' in size <12> not available
(Font)              Font shape `OMS/cmsy/m/n' tried instead on input line 71.
 [1

{/var/lib/texmf/fonts/map/pdftex/updmap/pdftex.map}] [2] [3] [4]
(/usr/share/texlive/texmf-dist/tex/latex/listings/lstlang1.sty
File: lstlang1.sty 2013/08/26 1.5b listings language file
)
(/usr/share/texlive/texmf-dist/tex/latex/listings/lstmisc.sty
File: lstmisc.sty 2013/08/26 1.5b (Carsten Heinz)
) [5]
<./palavrasReservadas.jpg, id=31, 410.2828pt x 290.58563pt>
File: ./palavrasReservadas.jpg Graphic file (type jpg)

<use ./palavrasReservadas.jpg>
Package pdftex.def Info: ./palavrasReservadas.jpg used on input line 287.
(pdftex.def)             Requested size: 213.39568pt x 151.13643pt.

Underfull \vbox (badness 10000) has occurred while \output is active []

 [6]
<./id1.png, id=36, 436.63126pt x 239.39438pt>
File: ./id1.png Graphic file (type png)
 <use ./id1.png>
Package pdftex.def Info: ./id1.png used on input line 296.
(pdftex.def)             Requested size: 213.39568pt x 117.00107pt.

<./id2.png, id=37, 1344.02126pt x 570.13pt>
File: ./id2.png Graphic file (type png)
 <use ./id2.png>
Package pdftex.def Info: ./id2.png used on input line 304.
(pdftex.def)             Requested size: 256.07741pt x 108.6216pt.

<./inteiro1.jpg, id=38, 397.485pt x 276.28218pt>
File: ./inteiro1.jpg Graphic file (type jpg)
 <use ./inteiro1.jpg>
Package pdftex.def Info: ./inteiro1.jpg used on input line 313.
(pdftex.def)             Requested size: 213.39568pt x 148.33014pt.

Underfull \vbox (badness 10000) has occurred while \output is active []

 [7 <./palavrasReservadas.jpg> <./id1.png> <./id2.png (PNG copy)>]
<./flutuante2.jpg, id=43, 447.17062pt x 215.30438pt>
File: ./flutuante2.jpg Graphic file (type jpg)
 <use ./flutuante2.jpg>
Package pdftex.def Info: ./flutuante2.jpg used on input line 322.
(pdftex.def)             Requested size: 213.39568pt x 102.747pt.

<./notacao.jpg, id=44, 594.72188pt x 268.00125pt>
File: ./notacao.jpg Graphic file (type jpg)
 <use ./notacao.jpg>
Package pdftex.def Info: ./notacao.jpg used on input line 332.
(pdftex.def)             Requested size: 213.39568pt x 96.16139pt.

<./comentario1.jpg, id=45, 409.53pt x 243.15843pt>
File: ./comentario1.jpg Graphic file (type jpg)
 <use ./comentario1.jpg>
Package pdftex.def Info: ./comentario1.jpg used on input line 342.
(pdftex.def)             Requested size: 213.39568pt x 126.70654pt.

Underfull \vbox (badness 3954) has occurred while \output is active []

 [8 <./inteiro1.jpg> <./flutuante2.jpg> <./notacao.jpg>]
<./comentario2.png, id=49, 510.40688pt x 377.15906pt>
File: ./comentario2.png Graphic file (type png)
 <use ./comentario2.png>
Package pdftex.def Info: ./comentario2.png used on input line 350.
(pdftex.def)             Requested size: 213.39568pt x 157.68636pt.

<./linha1.jpg, id=50, 393.72093pt x 255.20343pt>
File: ./linha1.jpg Graphic file (type jpg)
 <use ./linha1.jpg>
Package pdftex.def Info: ./linha1.jpg used on input line 360.
(pdftex.def)             Requested size: 213.39568pt x 138.31792pt.
 [9 <./comentario1.jpg> <./comentario2.png> <./linha1.jpg>]
Underfull \hbox (badness 1194) in paragraph at lines 369--370
[]\OT1/ptm/m/n/12 Primeiramente []e de-fi-nido um s[]^^Pmbolo ini-cial para a g
ram[]atica (pro-grama)
 []


Overfull \hbox (9.02837pt too wide) in alignment at lines 375--381
 [] [] 
 []


Overfull \hbox (9.02837pt too wide) in alignment at lines 381--386
 [] [] 
 []


Overfull \hbox (9.02837pt too wide) in alignment at lines 386--389
 [] [] 
 []


Overfull \hbox (9.02837pt too wide) in alignment at lines 389--393
 [] [] 
 []


Overfull \hbox (9.02837pt too wide) in alignment at lines 393--414
 [] [] 
 []


Overfull \hbox (9.02837pt too wide) in alignment at lines 414--434
 [] [] 
 []


Overfull \hbox (9.02837pt too wide) in alignment at lines 434--453
 [] [] 
 []

[10]
Overfull \hbox (9.02837pt too wide) in alignment at lines 453--471
 [] [] 
 []


Overfull \hbox (9.02837pt too wide) in alignment at lines 471--487
 [] [] 
 []

[11] [12]
LaTeX Font Info:    Font shape `OT1/pcr/bx/n' in size <12> not available
(Font)              Font shape `OT1/pcr/b/n' tried instead on input line 511.
 <./cod1.jpg, id=63, 447.17062pt x 313.9228pt>
File: ./cod1.jpg Graphic file (type jpg)
 <use ./cod1.jpg>
Package pdftex.def Info: ./cod1.jpg used on input line 517.
(pdftex.def)             Requested size: 213.39568pt x 149.80943pt.
LaTeX Font Info:    Font shape `OT1/phv/bx/it' in size <8> not available
(Font)              Font shape `OT1/phv/b/it' tried instead on input line 518.
LaTeX Font Info:    Font shape `OT1/phv/b/it' in size <8> not available
(Font)              Font shape `OT1/phv/b/sl' tried instead on input line 518.

<./cod2.jpg, id=64, 359.09157pt x 395.97937pt>
File: ./cod2.jpg Graphic file (type jpg)
 <use ./cod2.jpg>
Package pdftex.def Info: ./cod2.jpg used on input line 526.
(pdftex.def)             Requested size: 213.39568pt x 235.32365pt.
 [13 <./cod1.jpg> <./cod2.jpg>] <./gramaticaExemplo.png, id=71, 450.68375pt x 3
07.1475pt>
File: ./gramaticaExemplo.png Graphic file (type png)

<use ./gramaticaExemplo.png>
Package pdftex.def Info: ./gramaticaExemplo.png used on input line 538.
(pdftex.def)             Requested size: 256.07741pt x 174.52754pt.
 <./exemplo.png, id=73, 933.4875pt x 603.25375pt>
File: ./exemplo.png Graphic file (type png)

<use ./exemplo.png>
Package pdftex.def Info: ./exemplo.png used on input line 545.
(pdftex.def)             Requested size: 384.1096pt x 248.22852pt.
 [14 <./gramaticaExemplo.png> <./exemplo.png>]
<./syntax.jpg, id=79, 360.59718pt x 378.66469pt>
File: ./syntax.jpg Graphic file (type jpg)
 <use ./syntax.jpg>
Package pdftex.def Info: ./syntax.jpg used on input line 563.
(pdftex.def)             Requested size: 341.43437pt x 358.53915pt.

Underfull \hbox (badness 2961) in paragraph at lines 568--569
[]\OT1/ptm/m/n/12 Cada fun[][]ao aceita um []unico ar-gu-mento p que []e uma se
qu[]encia con-
 []


Underfull \hbox (badness 1436) in paragraph at lines 568--569
\OT1/pcr/b/n/12 = Tree('declaracao'), [p[1]]\OT1/ptm/m/n/12 , no qual []e adi-c
i-o-nada na []arvore o va-lor
 []


Underfull \vbox (badness 1286) has occurred while \output is active []

 [15 <./syntax.jpg>] <./tree.jpg, id=83, 353.06906pt x 116.68594pt>
File: ./tree.jpg Graphic file (type jpg)
 <use ./tree.jpg>
Package pdftex.def Info: ./tree.jpg used on input line 576.
(pdftex.def)             Requested size: 256.07741pt x 84.63162pt.

<./printTree.jpg, id=84, 377.91188pt x 85.82062pt>
File: ./printTree.jpg Graphic file (type jpg)
 <use ./printTree.jpg>
Package pdftex.def Info: ./printTree.jpg used on input line 583.
(pdftex.def)             Requested size: 256.07741pt x 58.15294pt.

<./error.jpg, id=85, 441.90094pt x 167.12437pt>
File: ./error.jpg Graphic file (type jpg)
 <use ./error.jpg>
Package pdftex.def Info: ./error.jpg used on input line 594.
(pdftex.def)             Requested size: 384.1096pt x 145.27461pt.
 [16 <./tree.jpg> <./printTree.jpg> <./error.jpg>]
LaTeX Font Info:    Font shape `OMS/pcr/m/n' in size <12> not available
(Font)              Font shape `OMS/cmsy/m/n' tried instead on input line 613.

Underfull \hbox (badness 10000) in paragraph at lines 613--614
[]\OMS/cmsy/m/n/12 f\OT1/pcr/m/n/12 '\OT1/pcr/b/n/12 principal\OT1/pcr/m/n/12 '
: ['funcao', 'principal', 'void',
 []


Underfull \hbox (badness 10000) in paragraph at lines 615--616
[]\OT1/pcr/m/n/12 '\OT1/pcr/b/n/12 global-a\OT1/pcr/m/n/12 ': ['variavel', 'a',
 False, 'flutuante',
 []


Overfull \hbox (5.21304pt too wide) in paragraph at lines 640--642
[][][][][][][][][][][][][][][][][][][][][][][] 
 []


LaTeX Warning: `h' float specifier changed to `ht'.

[17] [18]
LaTeX Font Info:    Try loading font information for OML+ptm on input line 672.

 (/usr/share/texlive/texmf-dist/tex/latex/psnfss/omlptm.fd
File: omlptm.fd 
)
LaTeX Font Info:    Font shape `OML/ptm/m/n' in size <12> not available
(Font)              Font shape `OML/cmm/m/it' tried instead on input line 672.
 [19]
Underfull \vbox (badness 10000) has occurred while \output is active []

 [20]
<./codigo.jpg, id=102, 182.93344pt x 163.3603pt>
File: ./codigo.jpg Graphic file (type jpg)
 <use ./codigo.jpg>
Package pdftex.def Info: ./codigo.jpg used on input line 765.
(pdftex.def)             Requested size: 213.39568pt x 190.5724pt.
 [21 <./codigo.jpg>] <./erro.jpg, id=106, 401.24907pt x 33.87656pt>
File: ./erro.jpg Graphic file (type jpg)
 <use ./erro.jpg>
Package pdftex.def Info: ./erro.jpg used on input line 801.
(pdftex.def)             Requested size: 341.43437pt x 28.82828pt.

<./ts.jpg, id=107, 499.8675pt x 37.64063pt>
File: ./ts.jpg Graphic file (type jpg)
 <use ./ts.jpg>
Package pdftex.def Info: ./ts.jpg used on input line 810.
(pdftex.def)             Requested size: 341.43437pt x 25.71129pt.

<./asto.png, id=108, 473.77pt x 622.325pt>
File: ./asto.png Graphic file (type png)
 <use ./asto.png>
Package pdftex.def Info: ./asto.png used on input line 820.
(pdftex.def)             Requested size: 298.75264pt x 392.43716pt.


LaTeX Warning: `h' float specifier changed to `ht'.

(./sbc-template.bbl
Underfull \hbox (badness 2088) in paragraph at lines 37--42
[]\OT1/ptm/m/n/12 USP (2012).  Aut[]omatos fi-nito de-ter-min[]^^Psticos.  $\OT
1/pcr/m/n/12 https : / / edisciplinas .
 []


Underfull \hbox (badness 10000) in paragraph at lines 37--42
\OT1/pcr/m/n/12 usp . br / pluginfile . php / 4159708 / mod _ resource / conten
t / 1 / De _
 []


Underfull \hbox (badness 10000) in paragraph at lines 37--42
\OT1/pcr/m/n/12 representacao _ de _ linguagens _ ate _ Automato _ Finito _ -[]
 _ 2012 .
 []


Underfull \hbox (badness 10000) in paragraph at lines 44--49
[]\OT1/ptm/m/n/12 Wikibooks (2013).  Constru[][]ao de com-pi-la-do-res: An[]ali
se sint^^S[]A!`tica.
 []


Underfull \hbox (badness 10000) in paragraph at lines 44--49
\OT1/pcr/m/n/12 https : / / pt . wikibooks . org / wiki / Constru % C3 % A7 % C
3 % A3o _ de _
 []

[22 <./erro.jpg> <./ts.jpg>]
Underfull \hbox (badness 10000) in paragraph at lines 51--56
[]\OT1/ptm/m/n/12 Wikibooks (2014).  Constru[][]ao de com-pi-la-do-res: An[]ali
se sem[]antica.
 []


Underfull \hbox (badness 10000) in paragraph at lines 51--56
\OT1/pcr/m/n/12 https : / / pt . wikibooks . org / wiki / Constru % C3 % A7 % C
3 % A3o _ de _
 []


Underfull \hbox (badness 10000) in paragraph at lines 58--63
\OT1/pcr/m/n/12 wikibooks . org / wiki / Constru % C3 % A7 % C3 % A3o _ de _ co
mpiladores /
 []

) <./asa.png, id=112, 943.525pt x 1200.485pt>
File: ./asa.png Graphic file (type png)
 <use ./asa.png>
Package pdftex.def Info: ./asa.png used on input line 834.
(pdftex.def)             Requested size: 384.1096pt x 488.72165pt.


LaTeX Warning: `h' float specifier changed to `ht'.

[23 <./asto.png>] [24 <./asa.png>] (./sbc-template.aux) ) 
Here is how much of TeX's memory you used:
 15815 strings out of 495004
 279099 string characters out of 6180662
 376258 words of memory out of 5000000
 18678 multiletter control sequences out of 15000+600000
 23822 words of font info for 50 fonts, out of 8000000 for 9000
 16 hyphenation exceptions out of 8191
 56i,12n,55p,798b,1635s stack positions out of 5000i,500n,10000p,200000b,80000s
{/usr/share/texlive/te
xmf-dist/fonts/enc/dvips/base/8r.enc}</usr/share/texlive/texmf-dist/fonts/type1
/public/amsfonts/cm/cmmi12.pfb></usr/share/texlive/texmf-dist/fonts/type1/publi
c/amsfonts/cm/cmr12.pfb></usr/share/texlive/texmf-dist/fonts/type1/public/amsfo
nts/cm/cmr8.pfb></usr/share/texlive/texmf-dist/fonts/type1/public/amsfonts/cm/c
msy10.pfb></usr/share/texlive/texmf-dist/fonts/type1/public/amsfonts/cm/cmsy8.p
fb></usr/share/texlive/texmf-dist/fonts/type1/urw/courier/ucrb8a.pfb></usr/shar
e/texlive/texmf-dist/fonts/type1/urw/courier/ucrr8a.pfb></usr/share/texlive/tex
mf-dist/fonts/type1/urw/helvetic/uhvb8a.pfb></usr/share/texlive/texmf-dist/font
s/type1/urw/helvetic/uhvbo8a.pfb></usr/share/texlive/texmf-dist/fonts/type1/urw
/times/utmb8a.pfb></usr/share/texlive/texmf-dist/fonts/type1/urw/times/utmbi8a.
pfb></usr/share/texlive/texmf-dist/fonts/type1/urw/times/utmr8a.pfb></usr/share
/texlive/texmf-dist/fonts/type1/urw/times/utmri8a.pfb>
Output written on sbc-template.pdf (24 pages, 1055863 bytes).
PDF statistics:
 164 PDF objects out of 1000 (max. 8388607)
 98 compressed objects within 1 object stream
 0 named destinations out of 1000 (max. 500000)
 123 words of extra memory for PDF output out of 10000 (max. 10000000)

